#
# A fatal error has been detected by the Java Runtime Environment:
#
#  Internal Error (safepoint.cpp:712), pid=17043, tid=0x000000000000a003
#  fatal error: Illegal threadstate encountered: 4
#
# JRE version: Java(TM) SE Runtime Environment (8.0_202-b08) (build 1.8.0_202-b08)
# Java VM: Java HotSpot(TM) 64-Bit Server VM (25.202-b08 mixed mode bsd-amd64 compressed oops)
# Failed to write core dump. Core dumps have been disabled. To enable core dumping, try "ulimit -c unlimited" before starting Java again
#
# If you would like to submit a bug report, please visit:
#   http://bugreport.java.com/bugreport/crash.jsp
# The crash happened outside the Java Virtual Machine in native code.
# See problematic frame for where to report the bug.
#

---------------  T H R E A D  ---------------

Current thread (0x00007faf29886800):  JavaThread "Thread-1" daemon [_thread_in_native, id=40963, stack(0x0000700003b5d000,0x0000700003c5d000)]

Stack: [0x0000700003b5d000,0x0000700003c5d000],  sp=0x0000700003c5bc80,  free space=1019k
Native frames: (J=compiled Java code, j=interpreted, Vv=VM code, C=native code)
V  [libjvm.dylib+0x5b698e]
V  [libjvm.dylib+0x1e9bed]
V  [libjvm.dylib+0x4e66a8]
V  [libjvm.dylib+0x56fa72]
V  [libjvm.dylib+0x16ab4e]
V  [libjvm.dylib+0x317599]
C  [libglass.dylib+0x49d1]  -[GlassRunnable dealloc]+0x31
C  [libobjc.A.dylib+0x25e98]  _ZN11objc_object17sidetable_releaseEbb+0xee
C  [Foundation+0x818be]  -[_NSThreadPerformInfo dealloc]+0x2a
C  [libobjc.A.dylib+0x25e98]  _ZN11objc_object17sidetable_releaseEbb+0xee
C  [Foundation+0x4e446]  -[NSObject(NSThreadPerformAdditions) performSelectorOnMainThread:withObject:waitUntilDone:]+0x7c
j  com.sun.glass.ui.mac.MacApplication._submitForLaterInvocation(Ljava/lang/Runnable;)V+0
j  com.sun.glass.ui.mac.MacApplication.submitForLaterInvocation(Ljava/lang/Runnable;)V+2
j  com.sun.glass.ui.InvokeLaterDispatcher.run()V+82
v  ~StubRoutines::call_stub
V  [libjvm.dylib+0x2f0d1e]
V  [libjvm.dylib+0x2f14c2]
V  [libjvm.dylib+0x2f166e]
V  [libjvm.dylib+0x34bf5d]
V  [libjvm.dylib+0x570b93]
V  [libjvm.dylib+0x57228e]
V  [libjvm.dylib+0x48f30a]
C  [libsystem_pthread.dylib+0x64e1]  _pthread_start+0x7d
C  [libsystem_pthread.dylib+0x1f6b]  thread_start+0xf
C  0x0000000000000000

Java frames: (J=compiled Java code, j=interpreted, Vv=VM code)
j  com.sun.glass.ui.mac.MacApplication._submitForLaterInvocation(Ljava/lang/Runnable;)V+0
j  com.sun.glass.ui.mac.MacApplication.submitForLaterInvocation(Ljava/lang/Runnable;)V+2
j  com.sun.glass.ui.InvokeLaterDispatcher.run()V+82
v  ~StubRoutines::call_stub

---------------  P R O C E S S  ---------------

Java Threads: ( => current thread )
  0x00007faf298dc800 JavaThread "Prism Font Disposer" daemon [_thread_blocked, id=50951, stack(0x0000700003f6f000,0x000070000406f000)]
  0x00007faf2a9e1800 JavaThread "JavaFX-Launcher" [_thread_blocked, id=82179, stack(0x0000700003e6c000,0x0000700003f6c000)]
  0x00007faf29109000 JavaThread "Thread-3" daemon [_thread_in_native, id=33543, stack(0x0000700003c60000,0x0000700003ce0000)]
  0x00007faf29887000 JavaThread "JavaFX Application Thread" [_thread_in_native_trans, id=259, stack(0x00007ff7b1f7e000,0x00007ff7b277e000)]
=>0x00007faf29886800 JavaThread "Thread-1" daemon [_thread_in_native, id=40963, stack(0x0000700003b5d000,0x0000700003c5d000)]
  0x00007faf2986e000 JavaThread "QuantumRenderer-0" daemon [_thread_blocked, id=13827, stack(0x0000700003a5a000,0x0000700003b5a000)]
  0x00007faf2984c000 JavaThread "Service Thread" daemon [_thread_blocked, id=17667, stack(0x0000700003854000,0x0000700003954000)]
  0x00007faf29836800 JavaThread "C1 CompilerThread2" daemon [_thread_blocked, id=13315, stack(0x0000700003751000,0x0000700003851000)]
  0x00007faf29836000 JavaThread "C2 CompilerThread1" daemon [_thread_blocked, id=12803, stack(0x000070000364e000,0x000070000374e000)]
  0x00007faf29834000 JavaThread "C2 CompilerThread0" daemon [_thread_blocked, id=12291, stack(0x000070000354b000,0x000070000364b000)]
  0x00007faf2b044000 JavaThread "Signal Dispatcher" daemon [_thread_blocked, id=17923, stack(0x0000700003448000,0x0000700003548000)]
  0x00007faf29822800 JavaThread "Finalizer" daemon [_thread_blocked, id=20227, stack(0x000070000323f000,0x000070000333f000)]
  0x00007faf2980d000 JavaThread "Reference Handler" daemon [_thread_blocked, id=20739, stack(0x000070000313c000,0x000070000323c000)]
  0x00007faf29009000 JavaThread "main" [_thread_blocked, id=3587, stack(0x0000700002b2a000,0x0000700002c2a000)]

Other Threads:
  0x00007faf29011000 VMThread [stack: 0x0000700003039000,0x0000700003139000] [id=21251]
  0x00007faf2b043000 WatcherThread [stack: 0x0000700003957000,0x0000700003a57000] [id=17155]

VM state:not at safepoint (normal execution)

VM Mutex/Monitor currently owned by a thread: None

heap address: 0x0000000740000000, size: 2048 MB, Compressed Oops mode: Zero based, Oop shift amount: 3
Narrow klass base: 0x0000000000000000, Narrow klass shift: 3
Compressed class space size: 1073741824 Address: 0x00000007c0000000

Heap:
 PSYoungGen      total 38400K, used 21175K [0x0000000795580000, 0x0000000798000000, 0x00000007c0000000)
  eden space 33280K, 49% used [0x0000000795580000,0x00000007965b9e98,0x0000000797600000)
  from space 5120K, 89% used [0x0000000797600000,0x0000000797a74030,0x0000000797b00000)
  to   space 5120K, 0% used [0x0000000797b00000,0x0000000797b00000,0x0000000798000000)
 ParOldGen       total 87552K, used 80K [0x0000000740000000, 0x0000000745580000, 0x0000000795580000)
  object space 87552K, 0% used [0x0000000740000000,0x0000000740014010,0x0000000745580000)
 Metaspace       used 17775K, capacity 18804K, committed 18944K, reserved 1064960K
  class space    used 2574K, capacity 2812K, committed 2816K, reserved 1048576K

Card table byte_map: [0x000000010dd41000,0x000000010e142000] byte_map_base: 0x000000010a341000

Marking Bits: (ParMarkBitMap*) 0x000000010f138e40
 Begin Bits: [0x0000000120609000, 0x0000000122609000)
 End Bits:   [0x0000000122609000, 0x0000000124609000)

Polling page: 0x000000010d8ba000

CodeCache: size=245760Kb used=7531Kb max_used=7543Kb free=238228Kb
 bounds [0x0000000111609000, 0x0000000111d79000, 0x0000000120609000]
 total_blobs=3080 nmethods=2430 adapters=562
 compilation: enabled

Compilation events (10 events):
Event: 12.445 Thread 0x00007faf29836800 nmethod 2423 0x0000000111d59090 code [0x0000000111d591e0, 0x0000000111d592f0]
Event: 12.445 Thread 0x00007faf29836800 2415       1       javafx.scene.Node::getContentBias (2 bytes)
Event: 12.445 Thread 0x00007faf29836800 nmethod 2415 0x0000000111d59350 code [0x0000000111d594a0, 0x0000000111d595b0]
Event: 12.446 Thread 0x00007faf29836800 2424       3       com.sun.javafx.geom.transform.GeneralTransform3D::isAffine (63 bytes)
Event: 12.447 Thread 0x00007faf29836800 nmethod 2424 0x0000000111d59950 code [0x0000000111d59b80, 0x0000000111d5a468]
Event: 12.447 Thread 0x00007faf29836800 2428       3       com.sun.prism.es2.ES2Context::updateShaderTransform (160 bytes)
Event: 12.448 Thread 0x00007faf29836800 nmethod 2428 0x0000000111d5a650 code [0x0000000111d5a8e0, 0x0000000111d5b718]
Event: 12.448 Thread 0x00007faf29836800 2430       3       com.sun.prism.es2.ES2Shader::setMatrix (67 bytes)
Event: 12.449 Thread 0x00007faf29836800 nmethod 2430 0x0000000111d5bd10 code [0x0000000111d5bec0, 0x0000000111d5c438]
Event: 12.449 Thread 0x00007faf29836800 2431       3       com.sun.prism.impl.BaseContext::flushMask (97 bytes)

GC Heap History (2 events):
Event: 3.551 GC heap before
{Heap before GC invocations=1 (full 0):
 PSYoungGen      total 38400K, used 33280K [0x0000000795580000, 0x0000000798000000, 0x00000007c0000000)
  eden space 33280K, 100% used [0x0000000795580000,0x0000000797600000,0x0000000797600000)
  from space 5120K, 0% used [0x0000000797b00000,0x0000000797b00000,0x0000000798000000)
  to   space 5120K, 0% used [0x0000000797600000,0x0000000797600000,0x0000000797b00000)
 ParOldGen       total 87552K, used 0K [0x0000000740000000, 0x0000000745580000, 0x0000000795580000)
  object space 87552K, 0% used [0x0000000740000000,0x0000000740000000,0x0000000745580000)
 Metaspace       used 15293K, capacity 16068K, committed 16384K, reserved 1062912K
  class space    used 2291K, capacity 2482K, committed 2560K, reserved 1048576K
Event: 3.585 GC heap after
Heap after GC invocations=1 (full 0):
 PSYoungGen      total 38400K, used 4560K [0x0000000795580000, 0x0000000798000000, 0x00000007c0000000)
  eden space 33280K, 0% used [0x0000000795580000,0x0000000795580000,0x0000000797600000)
  from space 5120K, 89% used [0x0000000797600000,0x0000000797a74030,0x0000000797b00000)
  to   space 5120K, 0% used [0x0000000797b00000,0x0000000797b00000,0x0000000798000000)
 ParOldGen       total 87552K, used 80K [0x0000000740000000, 0x0000000745580000, 0x0000000795580000)
  object space 87552K, 0% used [0x0000000740000000,0x0000000740014010,0x0000000745580000)
 Metaspace       used 15293K, capacity 16068K, committed 16384K, reserved 1062912K
  class space    used 2291K, capacity 2482K, committed 2560K, reserved 1048576K
}

Deoptimization events (10 events):
Event: 9.837 Thread 0x00007faf29887000 Uncommon trap: reason=array_check action=maybe_recompile pc=0x0000000111c2f938 method=com.sun.javafx.css.SimpleSelector.applies(Ljavafx/css/Styleable;[Ljava/util/Set;I)Z @ 37
Event: 9.837 Thread 0x00007faf29887000 Uncommon trap: reason=array_check action=maybe_recompile pc=0x0000000111c2f938 method=com.sun.javafx.css.SimpleSelector.applies(Ljavafx/css/Styleable;[Ljava/util/Set;I)Z @ 37
Event: 9.837 Thread 0x00007faf29887000 Uncommon trap: reason=array_check action=maybe_recompile pc=0x0000000111c2f938 method=com.sun.javafx.css.SimpleSelector.applies(Ljavafx/css/Styleable;[Ljava/util/Set;I)Z @ 37
Event: 9.841 Thread 0x00007faf29887000 Uncommon trap: reason=unstable_if action=reinterpret pc=0x0000000111b9e800 method=javafx.scene.CssStyleHelper.lookup(Ljavafx/css/Styleable;Ljavafx/css/CssMetaData;Lcom/sun/javafx/css/StyleMap;Ljava/util/Set;Ljavafx/css/Styleable;Lcom/sun/javafx/css/Calcul
Event: 9.880 Thread 0x00007faf29887000 Uncommon trap: reason=array_check action=maybe_recompile pc=0x0000000111c6cc0c method=com.sun.javafx.css.SimpleSelector.applies(Ljavafx/css/Styleable;[Ljava/util/Set;I)Z @ 37
Event: 9.883 Thread 0x00007faf29887000 Uncommon trap: reason=class_check action=maybe_recompile pc=0x0000000111b5a6a4 method=javafx.scene.Node.updateLocalToParentTransform()V @ 11
Event: 9.883 Thread 0x00007faf29887000 Uncommon trap: reason=class_check action=maybe_recompile pc=0x0000000111b5a6a4 method=javafx.scene.Node.updateLocalToParentTransform()V @ 11
Event: 9.884 Thread 0x00007faf29887000 Uncommon trap: reason=class_check action=maybe_recompile pc=0x0000000111b5a6a4 method=javafx.scene.Node.updateLocalToParentTransform()V @ 11
Event: 9.884 Thread 0x00007faf29887000 Uncommon trap: reason=class_check action=maybe_recompile pc=0x0000000111b5a6a4 method=javafx.scene.Node.updateLocalToParentTransform()V @ 11
Event: 9.932 Thread 0x00007faf2986e000 Uncommon trap: reason=unstable_if action=reinterpret pc=0x0000000111b5a024 method=com.sun.javafx.geom.RectBounds.isEmpty()Z @ 21

Classes redefined (0 events):
No events

Internal exceptions (10 events):
Event: 0.737 Thread 0x00007faf29009000 Exception <a 'java/security/PrivilegedActionException'> (0x0000000795837420) thrown at [/Users/java_re/workspace/8-2-build-macosx-x86_64/jdk8u202/12323/hotspot/src/share/vm/prims/jvm.cpp, line 1502]
Event: 0.737 Thread 0x00007faf29009000 Exception <a 'java/lang/NullPointerException'> (0x00000007958379f8) thrown at [/Users/java_re/workspace/8-2-build-macosx-x86_64/jdk8u202/12323/hotspot/src/share/vm/interpreter/linkResolver.cpp, line 1185]
Event: 1.849 Thread 0x00007faf29887000 Exception <a 'java/lang/NullPointerException'> (0x00000007962118d8) thrown at [/Users/java_re/workspace/8-2-build-macosx-x86_64/jdk8u202/12323/hotspot/src/share/vm/interpreter/linkResolver.cpp, line 1185]
Event: 1.849 Thread 0x00007faf29887000 Exception <a 'java/lang/NullPointerException'> (0x00000007962118d8) thrown at [/Users/java_re/workspace/8-2-build-macosx-x86_64/jdk8u202/12323/hotspot/src/share/vm/prims/jvm.cpp, line 1506]
Event: 2.547 Thread 0x00007faf29887000 Exception <a 'java/lang/ArrayIndexOutOfBoundsException': 58> (0x00000007968ef620) thrown at [/Users/java_re/workspace/8-2-build-macosx-x86_64/jdk8u202/12323/hotspot/src/share/vm/interpreter/interpreterRuntime.cpp, line 368]
Event: 2.550 Thread 0x00007faf29887000 Exception <a 'java/lang/ArrayIndexOutOfBoundsException': 18> (0x00000007968f02c0) thrown at [/Users/java_re/workspace/8-2-build-macosx-x86_64/jdk8u202/12323/hotspot/src/share/vm/interpreter/interpreterRuntime.cpp, line 368]
Event: 2.550 Thread 0x00007faf29887000 Exception <a 'java/lang/ArrayIndexOutOfBoundsException': 86> (0x00000007968f1668) thrown at [/Users/java_re/workspace/8-2-build-macosx-x86_64/jdk8u202/12323/hotspot/src/share/vm/interpreter/interpreterRuntime.cpp, line 368]
Event: 2.673 Thread 0x00007faf29887000 Exception <a 'java/lang/ArrayIndexOutOfBoundsException'> (0x0000000796aa69c0) thrown at [/Users/java_re/workspace/8-2-build-macosx-x86_64/jdk8u202/12323/hotspot/src/share/vm/runtime/sharedRuntime.cpp, line 605]
Event: 2.769 Thread 0x00007faf29887000 Implicit null exception at 0x0000000111879bb5 to 0x0000000111879db1
Event: 2.963 Thread 0x00007faf29887000 Exception <a 'java/io/FileNotFoundException'> (0x0000000796dd0cc0) thrown at [/Users/java_re/workspace/8-2-build-macosx-x86_64/jdk8u202/12323/hotspot/src/share/vm/prims/jni.cpp, line 710]

Events (10 events):
Event: 11.663 loading class com/sun/javafx/tk/quantum/WindowStage done
Event: 11.665 loading class com/sun/prism/GraphicsResource
Event: 11.665 loading class com/sun/prism/GraphicsResource done
Event: 11.665 loading class com/sun/prism/GraphicsResource
Event: 11.665 loading class com/sun/prism/GraphicsResource done
Event: 11.666 loading class com/sun/javafx/tk/quantum/ViewScene
Event: 11.666 loading class com/sun/javafx/tk/quantum/ViewScene done
Event: 11.668 loading class com/sun/javafx/tk/quantum/WindowStage
Event: 11.668 loading class com/sun/javafx/tk/quantum/WindowStage done
Event: 12.449 Executing VM operation: RevokeBias


Dynamic libraries:
0x00007ff832ffe000 	/System/Library/Frameworks/Cocoa.framework/Versions/A/Cocoa
0x00007ff81ec50000 	/System/Library/Frameworks/AppKit.framework/Versions/C/AppKit
0x00007ff822167000 	/System/Library/Frameworks/CoreData.framework/Versions/A/CoreData
0x00007ff81d053000 	/System/Library/Frameworks/Foundation.framework/Versions/C/Foundation
0x00007ff826f8a000 	/usr/lib/libSystem.B.dylib
0x00007ff81fae0000 	/System/Library/PrivateFrameworks/UIFoundation.framework/Versions/A/UIFoundation
0x00007ff82ceff000 	/System/Library/PrivateFrameworks/RemoteViewServices.framework/Versions/A/RemoteViewServices
0x00007ff8251de000 	/System/Library/PrivateFrameworks/XCTTargetBootstrap.framework/Versions/A/XCTTargetBootstrap
0x00007ff828d95000 	/System/Library/PrivateFrameworks/InternationalSupport.framework/Versions/A/InternationalSupport
0x00007ff828e1f000 	/System/Library/PrivateFrameworks/UserActivity.framework/Versions/A/UserActivity
0x00007ff828171000 	/usr/lib/libspindump.dylib
0x00007ff81fd6f000 	/System/Library/Frameworks/UniformTypeIdentifiers.framework/Versions/A/UniformTypeIdentifiers
0x00007ff823902000 	/usr/lib/libapp_launch_measurement.dylib
0x00007ff822b39000 	/System/Library/PrivateFrameworks/CoreAnalytics.framework/Versions/A/CoreAnalytics
0x00007ff823905000 	/System/Library/PrivateFrameworks/CoreAutoLayout.framework/Versions/A/CoreAutoLayout
0x00007ff824b35000 	/System/Library/Frameworks/Metal.framework/Versions/A/Metal
0x00007ff825864000 	/usr/lib/liblangid.dylib
0x00007ff8251e3000 	/System/Library/PrivateFrameworks/CoreSVG.framework/Versions/A/CoreSVG
0x00007ff82115b000 	/System/Library/PrivateFrameworks/SkyLight.framework/Versions/A/SkyLight
0x00007ff8214fa000 	/System/Library/Frameworks/CoreGraphics.framework/Versions/A/CoreGraphics
0x00007ff82d5bf000 	/System/Library/Frameworks/Accelerate.framework/Versions/A/Accelerate
0x00007ff827bf0000 	/System/Library/PrivateFrameworks/IconServices.framework/Versions/A/IconServices
0x00007ff824b1a000 	/System/Library/Frameworks/IOSurface.framework/Versions/A/IOSurface
0x00007ff822b67000 	/usr/lib/libDiagnosticMessagesClient.dylib
0x00007ff826eaa000 	/usr/lib/libz.1.dylib
0x00007ff830ca2000 	/System/Library/Frameworks/ApplicationServices.framework/Versions/A/ApplicationServices
0x00007ff8251ca000 	/System/Library/PrivateFrameworks/DFRFoundation.framework/Versions/A/DFRFoundation
0x00007ff81e538000 	/usr/lib/libicucore.A.dylib
0x00007ff829b8b000 	/System/Library/Frameworks/AudioToolbox.framework/Versions/A/AudioToolbox
0x00007ff828da1000 	/System/Library/PrivateFrameworks/DataDetectorsCore.framework/Versions/A/DataDetectorsCore
0x00007ff92529e000 	/System/Library/PrivateFrameworks/TextInput.framework/Versions/A/TextInput
0x00007ff8210de000 	/usr/lib/libMobileGestalt.dylib
0x00007ff824ed6000 	/System/Library/Frameworks/Carbon.framework/Versions/A/Frameworks/HIToolbox.framework/Versions/A/HIToolbox
0x00007ff823304000 	/System/Library/Frameworks/QuartzCore.framework/Versions/A/QuartzCore
0x00007ff81e1dd000 	/System/Library/Frameworks/Security.framework/Versions/A/Security
0x00007ff82cf37000 	/System/Library/Frameworks/Carbon.framework/Versions/A/Frameworks/SpeechRecognition.framework/Versions/A/SpeechRecognition
0x00007ff823662000 	/System/Library/PrivateFrameworks/CoreUI.framework/Versions/A/CoreUI
0x00007ff81daa7000 	/System/Library/Frameworks/CoreAudio.framework/Versions/A/CoreAudio
0x00007ff822c56000 	/System/Library/Frameworks/DiskArbitration.framework/Versions/A/DiskArbitration
0x00007ff828561000 	/System/Library/PrivateFrameworks/MultitouchSupport.framework/Versions/A/MultitouchSupport
0x00007ff8210dd000 	/usr/lib/libenergytrace.dylib
0x00007ff81eb3c000 	/System/Library/Frameworks/IOKit.framework/Versions/A/IOKit
0x00007ff82d327000 	/System/Library/Frameworks/CoreServices.framework/Versions/A/CoreServices
0x00007ff82389c000 	/System/Library/PrivateFrameworks/PerformanceAnalysis.framework/Versions/A/PerformanceAnalysis
0x00007ffa34f7d000 	/System/Library/Frameworks/OpenGL.framework/Versions/A/OpenGL
0x00007ff8264c6000 	/System/Library/PrivateFrameworks/MobileKeyBag.framework/Versions/A/MobileKeyBag
0x00007ff81c01d000 	/usr/lib/libobjc.A.dylib
0x00007ff821bc6000 	/System/Library/Frameworks/ColorSync.framework/Versions/A/ColorSync
0x00007ff81c1d7000 	/System/Library/Frameworks/CoreFoundation.framework/Versions/A/CoreFoundation
0x00007ff82545a000 	/System/Library/Frameworks/CoreImage.framework/Versions/A/CoreImage
0x00007ff81d8bb000 	/System/Library/Frameworks/CoreText.framework/Versions/A/CoreText
0x00007ff825213000 	/System/Library/Frameworks/ImageIO.framework/Versions/A/ImageIO
0x00007ff826f90000 	/System/Library/PrivateFrameworks/SoftLinking.framework/Versions/A/SoftLinking
0x00007ff82394d000 	/usr/lib/libxml2.2.dylib
0x00007ff81c0e3000 	/usr/lib/libc++.1.dylib
0x00007ff827214000 	/usr/lib/libcompression.dylib
0x00007ff828cc8000 	/System/Library/PrivateFrameworks/TextureIO.framework/Versions/A/TextureIO
0x00007ff827902000 	/usr/lib/libate.dylib
0x00007ff826f85000 	/usr/lib/system/libcache.dylib
0x00007ff826f41000 	/usr/lib/system/libcommonCrypto.dylib
0x00007ff826f6a000 	/usr/lib/system/libcompiler_rt.dylib
0x00007ff826f60000 	/usr/lib/system/libcopyfile.dylib
0x00007ff81bf18000 	/usr/lib/system/libcorecrypto.dylib
0x00007ff81bfd6000 	/usr/lib/system/libdispatch.dylib
0x00007ff81c196000 	/usr/lib/system/libdyld.dylib
0x00007ff826f7c000 	/usr/lib/system/libkeymgr.dylib
0x00007ff826f1f000 	/usr/lib/system/libmacho.dylib
0x00007ff8265a0000 	/usr/lib/system/libquarantine.dylib
0x00007ff826f7a000 	/usr/lib/system/libremovefile.dylib
0x00007ff82112b000 	/usr/lib/system/libsystem_asl.dylib
0x00007ff81bec1000 	/usr/lib/system/libsystem_blocks.dylib
0x00007ff81c05a000 	/usr/lib/system/libsystem_c.dylib
0x00007ff826f72000 	/usr/lib/system/libsystem_collections.dylib
0x00007ff825854000 	/usr/lib/system/libsystem_configuration.dylib
0x00007ff824afd000 	/usr/lib/system/libsystem_containermanager.dylib
0x00007ff826c57000 	/usr/lib/system/libsystem_coreservices.dylib
0x00007ff81e7cc000 	/usr/lib/system/libsystem_darwin.dylib
0x00007ff826f7d000 	/usr/lib/system/libsystem_dnssd.dylib
0x00007ff81c057000 	/usr/lib/system/libsystem_featureflags.dylib
0x00007ff81c1ac000 	/usr/lib/system/libsystem_info.dylib
0x00007ff826ebd000 	/usr/lib/system/libsystem_m.dylib
0x00007ff81bfaa000 	/usr/lib/system/libsystem_malloc.dylib
0x00007ff8210c6000 	/usr/lib/system/libsystem_networkextension.dylib
0x00007ff81ebf2000 	/usr/lib/system/libsystem_notify.dylib
0x00007ff82d1fc000 	/usr/lib/system/libsystem_product_info_filter.dylib
0x00007ff825858000 	/usr/lib/system/libsystem_sandbox.dylib
0x00007ff826f77000 	/usr/lib/system/libsystem_secinit.dylib
0x00007ff81c152000 	/usr/lib/system/libsystem_kernel.dylib
0x00007ff81c1a2000 	/usr/lib/system/libsystem_platform.dylib
0x00007ff81c18a000 	/usr/lib/system/libsystem_pthread.dylib
0x00007ff822979000 	/usr/lib/system/libsystem_symptoms.dylib
0x00007ff81beff000 	/usr/lib/system/libsystem_trace.dylib
0x00007ff826f4d000 	/usr/lib/system/libunwind.dylib
0x00007ff81bec3000 	/usr/lib/system/libxpc.dylib
0x00007ff81c13c000 	/usr/lib/libc++abi.dylib
0x00007ff826f58000 	/usr/lib/liboah.dylib
0x00007ff8276de000 	/usr/lib/liblzma.5.dylib
0x00007ff81cd65000 	/System/Library/Frameworks/SystemConfiguration.framework/Versions/A/SystemConfiguration
0x00007ff826f8c000 	/usr/lib/libfakelink.dylib
0x00007ff820c36000 	/System/Library/Frameworks/CFNetwork.framework/Versions/A/CFNetwork
0x00007ff8270cd000 	/usr/lib/libarchive.2.dylib
0x00007ff825860000 	/System/Library/PrivateFrameworks/AppleSystemInfo.framework/Versions/A/AppleSystemInfo
0x00007ff8265c7000 	/usr/lib/libbsm.0.dylib
0x00007ff820245000 	/usr/lib/libnetwork.dylib
0x00007ff826f25000 	/usr/lib/system/libkxld.dylib
0x00007ff8261fa000 	/System/Library/PrivateFrameworks/IOMobileFramebuffer.framework/Versions/A/IOMobileFramebuffer
0x00007ffb34954000 	/usr/lib/libCoreEntitlements.dylib
0x00007ff826c39000 	/System/Library/PrivateFrameworks/AppleFSCompression.framework/Versions/A/AppleFSCompression
0x00007ff8265af000 	/usr/lib/libcoretls.dylib
0x00007ff8276f8000 	/usr/lib/libcoretls_cfhelpers.dylib
0x00007ff82720f000 	/usr/lib/libpam.2.dylib
0x00007ff822598000 	/usr/lib/libsqlite3.dylib
0x00007ff827767000 	/usr/lib/libxar.1.dylib
0x00007ff826c49000 	/usr/lib/libbz2.1.0.dylib
0x00007ff826f91000 	/usr/lib/libpcap.A.dylib
0x00007ff822971000 	/usr/lib/libdns_services.dylib
0x00007ff8271df000 	/usr/lib/libapple_nghttp2.dylib
0x00007ff826fcb000 	/usr/lib/libiconv.2.dylib
0x00007ff826f1e000 	/usr/lib/libcharset.1.dylib
0x00007ff8238d0000 	/System/Library/Frameworks/CoreServices.framework/Versions/A/Frameworks/FSEvents.framework/Versions/A/FSEvents
0x00007ff81e7d6000 	/System/Library/Frameworks/CoreServices.framework/Versions/A/Frameworks/CarbonCore.framework/Versions/A/CarbonCore
0x00007ff822bba000 	/System/Library/Frameworks/CoreServices.framework/Versions/A/Frameworks/Metadata.framework/Versions/A/Metadata
0x00007ff826c5c000 	/System/Library/Frameworks/CoreServices.framework/Versions/A/Frameworks/OSServices.framework/Versions/A/OSServices
0x00007ff827154000 	/System/Library/Frameworks/CoreServices.framework/Versions/A/Frameworks/SearchKit.framework/Versions/A/SearchKit
0x00007ff822903000 	/System/Library/Frameworks/CoreServices.framework/Versions/A/Frameworks/AE.framework/Versions/A/AE
0x00007ff81c6da000 	/System/Library/Frameworks/CoreServices.framework/Versions/A/Frameworks/LaunchServices.framework/Versions/A/LaunchServices
0x00007ff82768f000 	/System/Library/Frameworks/CoreServices.framework/Versions/A/Frameworks/DictionaryServices.framework/Versions/A/DictionaryServices
0x00007ff8238dd000 	/System/Library/Frameworks/CoreServices.framework/Versions/A/Frameworks/SharedFileList.framework/Versions/A/SharedFileList
0x00007ff8265a3000 	/usr/lib/libCheckFix.dylib
0x00007ff821142000 	/System/Library/PrivateFrameworks/TCC.framework/Versions/A/TCC
0x00007ff825866000 	/System/Library/PrivateFrameworks/CoreNLP.framework/Versions/A/CoreNLP
0x00007ff822b6a000 	/System/Library/PrivateFrameworks/MetadataUtilities.framework/Versions/A/MetadataUtilities
0x00007ff81ce16000 	/usr/lib/libmecabra.dylib
0x00007ff8265d7000 	/usr/lib/libmecab.dylib
0x00007ff81cde1000 	/usr/lib/libCRFSuite.dylib
0x00007ff826631000 	/usr/lib/libgermantok.dylib
0x00007ff8271ba000 	/usr/lib/libThaiTokenizer.dylib
0x00007ff822c5d000 	/System/Library/Frameworks/Accelerate.framework/Versions/A/Frameworks/vImage.framework/Versions/A/vImage
0x00007ff82d2fe000 	/System/Library/Frameworks/Accelerate.framework/Versions/A/Frameworks/vecLib.framework/Versions/A/vecLib
0x00007ff8277a8000 	/System/Library/Frameworks/Accelerate.framework/Versions/A/Frameworks/vecLib.framework/Versions/A/libvMisc.dylib
0x00007ff826025000 	/System/Library/Frameworks/Accelerate.framework/Versions/A/Frameworks/vecLib.framework/Versions/A/libvDSP.dylib
0x00007ff81ca55000 	/System/Library/Frameworks/Accelerate.framework/Versions/A/Frameworks/vecLib.framework/Versions/A/libBLAS.dylib
0x00007ff8272f1000 	/System/Library/Frameworks/Accelerate.framework/Versions/A/Frameworks/vecLib.framework/Versions/A/libLAPACK.dylib
0x00007ff826634000 	/System/Library/Frameworks/Accelerate.framework/Versions/A/Frameworks/vecLib.framework/Versions/A/libLinearAlgebra.dylib
0x00007ff8271f7000 	/System/Library/Frameworks/Accelerate.framework/Versions/A/Frameworks/vecLib.framework/Versions/A/libSparseBLAS.dylib
0x00007ff8272eb000 	/System/Library/Frameworks/Accelerate.framework/Versions/A/Frameworks/vecLib.framework/Versions/A/libQuadrature.dylib
0x00007ff825951000 	/System/Library/Frameworks/Accelerate.framework/Versions/A/Frameworks/vecLib.framework/Versions/A/libBNNS.dylib
0x00007ff81ccef000 	/System/Library/Frameworks/Accelerate.framework/Versions/A/Frameworks/vecLib.framework/Versions/A/libSparse.dylib
0x00007ff82594a000 	/System/Library/PrivateFrameworks/LinguisticData.framework/Versions/A/LinguisticData
0x00007ff81cca5000 	/System/Library/PrivateFrameworks/Lexicon.framework/Versions/A/Lexicon
0x00007ff8277a1000 	/usr/lib/libChineseTokenizer.dylib
0x00007ff81d410000 	/System/Library/PrivateFrameworks/LanguageModeling.framework/Versions/A/LanguageModeling
0x00007ff8271bc000 	/System/Library/PrivateFrameworks/AppleSauce.framework/Versions/A/AppleSauce
0x00007ff8261e8000 	/System/Library/PrivateFrameworks/CoreEmoji.framework/Versions/A/CoreEmoji
0x00007ff8270bc000 	/usr/lib/libcmph.dylib
0x00007ff8238b4000 	/System/Library/Frameworks/OpenDirectory.framework/Versions/A/Frameworks/CFOpenDirectory.framework/Versions/A/CFOpenDirectory
0x00007ff8238a8000 	/System/Library/Frameworks/OpenDirectory.framework/Versions/A/OpenDirectory
0x00007ff8276fa000 	/System/Library/PrivateFrameworks/APFS.framework/Versions/A/APFS
0x00007ff8264fe000 	/System/Library/Frameworks/SecurityFoundation.framework/Versions/A/SecurityFoundation
0x00007ff827775000 	/usr/lib/libutil.dylib
0x00007ff81eb00000 	/System/Library/PrivateFrameworks/CoreServicesStore.framework/Versions/A/CoreServicesStore
0x00007ff827779000 	/usr/lib/libxslt.1.dylib
0x00007ff82658b000 	/System/Library/PrivateFrameworks/BackgroundTaskManagement.framework/Versions/A/BackgroundTaskManagement
0x00007ff828be8000 	/System/Library/Frameworks/ImageIO.framework/Versions/A/Resources/libRadiance.dylib
0x00007ff828bf1000 	/System/Library/Frameworks/ImageIO.framework/Versions/A/Resources/libJPEG.dylib
0x00007ff828b40000 	/System/Library/Frameworks/ImageIO.framework/Versions/A/Resources/libPng.dylib
0x00007ff828b61000 	/System/Library/Frameworks/ImageIO.framework/Versions/A/Resources/libTIFF.dylib
0x00007ff828c51000 	/System/Library/Frameworks/ImageIO.framework/Versions/A/Resources/libGIF.dylib
0x00007ff82847b000 	/System/Library/Frameworks/ImageIO.framework/Versions/A/Resources/libJP2.dylib
0x00007ff827bb7000 	/usr/lib/libexpat.1.dylib
0x00007ff828430000 	/System/Library/PrivateFrameworks/AppleJPEG.framework/Versions/A/AppleJPEG
0x00007ff824d9a000 	/System/Library/PrivateFrameworks/FontServices.framework/libFontParser.dylib
0x00007ff8228ad000 	/System/Library/PrivateFrameworks/RunningBoardServices.framework/Versions/A/RunningBoardServices
0x00007ff8335b9000 	/System/Library/PrivateFrameworks/IOSurfaceAccelerator.framework/Versions/A/IOSurfaceAccelerator
0x00007ff82855d000 	/System/Library/PrivateFrameworks/WatchdogClient.framework/Versions/A/WatchdogClient
0x00007ff81d4fe000 	/System/Library/Frameworks/CoreDisplay.framework/Versions/A/CoreDisplay
0x00007ff824c98000 	/System/Library/Frameworks/CoreMedia.framework/Versions/A/CoreMedia
0x00007ff824b2c000 	/System/Library/PrivateFrameworks/IOAccelerator.framework/Versions/A/IOAccelerator
0x00007ff823a31000 	/System/Library/Frameworks/CoreVideo.framework/Versions/A/CoreVideo
0x00007ff82720d000 	/System/Library/Frameworks/MetalPerformanceShaders.framework/Versions/A/MetalPerformanceShaders
0x00007ff82859a000 	/System/Library/Frameworks/VideoToolbox.framework/Versions/A/VideoToolbox
0x00007ff8227f7000 	/System/Library/PrivateFrameworks/BaseBoard.framework/Versions/A/BaseBoard
0x00007ff82257e000 	/System/Library/PrivateFrameworks/ProtocolBuffer.framework/Versions/A/ProtocolBuffer
0x00007ff828be1000 	/System/Library/PrivateFrameworks/GPUWrangler.framework/Versions/A/GPUWrangler
0x00007ff828bc5000 	/System/Library/PrivateFrameworks/IOPresentment.framework/Versions/A/IOPresentment
0x00007ff828beb000 	/System/Library/PrivateFrameworks/DSExternalDisplay.framework/Versions/A/DSExternalDisplay
0x00007ffa34f71000 	/System/Library/Frameworks/OpenGL.framework/Versions/A/Libraries/libCoreFSCache.dylib
0x00007ffb22047000 	/System/Library/PrivateFrameworks/GPUCompiler.framework/Versions/31001/Libraries/libGPUCompilerUtils.dylib
0x00007ff828c56000 	/System/Library/PrivateFrameworks/CMCaptureCore.framework/Versions/A/CMCaptureCore
0x00007ff82815f000 	/System/Library/PrivateFrameworks/AppServerSupport.framework/Versions/A/AppServerSupport
0x00007ff82a424000 	/System/Library/PrivateFrameworks/perfdata.framework/Versions/A/perfdata
0x00007ff81d62a000 	/System/Library/PrivateFrameworks/AudioToolboxCore.framework/Versions/A/AudioToolboxCore
0x00007ff824c76000 	/System/Library/PrivateFrameworks/caulk.framework/Versions/A/caulk
0x00007ff829d36000 	/usr/lib/libAudioStatistics.dylib
0x00007ff921a2c000 	/System/Library/PrivateFrameworks/SystemPolicy.framework/Versions/A/SystemPolicy
0x00007ff829f91000 	/usr/lib/libSMC.dylib
0x00007ff832eb1000 	/System/Library/Frameworks/CoreMIDI.framework/Versions/A/CoreMIDI
0x00007ff828b0f000 	/usr/lib/libAudioToolboxUtility.dylib
0x00007ff91dc54000 	/System/Library/PrivateFrameworks/OSAServicesClient.framework/Versions/A/OSAServicesClient
0x00007ff82a431000 	/usr/lib/libperfcheck.dylib
0x00007ff9224d9000 	/usr/lib/libmis.dylib
0x00007ffa34fcc000 	/System/Library/Frameworks/OpenGL.framework/Versions/A/Libraries/libGLU.dylib
0x00007ffa34f90000 	/System/Library/Frameworks/OpenGL.framework/Versions/A/Libraries/libGFXShared.dylib
0x00007ffa35199000 	/System/Library/Frameworks/OpenGL.framework/Versions/A/Libraries/libGL.dylib
0x00007ffa34f99000 	/System/Library/Frameworks/OpenGL.framework/Versions/A/Libraries/libGLImage.dylib
0x00007ffa34f8d000 	/System/Library/Frameworks/OpenGL.framework/Versions/A/Libraries/libCVMSPluginSupport.dylib
0x00007ffa34f78000 	/System/Library/Frameworks/OpenGL.framework/Versions/A/Libraries/libCoreVMClient.dylib
0x00007ff8257e2000 	/System/Library/Frameworks/MetalPerformanceShaders.framework/Versions/A/Frameworks/MPSCore.framework/Versions/A/MPSCore
0x00007ff826ba4000 	/System/Library/Frameworks/MetalPerformanceShaders.framework/Versions/A/Frameworks/MPSImage.framework/Versions/A/MPSImage
0x00007ff82664a000 	/System/Library/Frameworks/MetalPerformanceShaders.framework/Versions/A/Frameworks/MPSNeuralNetwork.framework/Versions/A/MPSNeuralNetwork
0x00007ff826abe000 	/System/Library/Frameworks/MetalPerformanceShaders.framework/Versions/A/Frameworks/MPSMatrix.framework/Versions/A/MPSMatrix
0x00007ff826879000 	/System/Library/Frameworks/MetalPerformanceShaders.framework/Versions/A/Frameworks/MPSRayIntersector.framework/Versions/A/MPSRayIntersector
0x00007ff826af6000 	/System/Library/Frameworks/MetalPerformanceShaders.framework/Versions/A/Frameworks/MPSNDArray.framework/Versions/A/MPSNDArray
0x00007ffa3aa51000 	/System/Library/Frameworks/MetalPerformanceShaders.framework/Versions/A/Frameworks/MPSFunctions.framework/Versions/A/MPSFunctions
0x00007ff81c931000 	/System/Library/PrivateFrameworks/MetalTools.framework/Versions/A/MetalTools
0x00007ff82585e000 	/System/Library/PrivateFrameworks/AggregateDictionary.framework/Versions/A/AggregateDictionary
0x00007ff827999000 	/usr/lib/libIOReport.dylib
0x00007ffa365a8000 	/System/Library/Frameworks/OpenCL.framework/Versions/A/OpenCL
0x00007ff827cfd000 	/System/Library/PrivateFrameworks/FaceCore.framework/Versions/A/FaceCore
0x00007ff827cee000 	/System/Library/PrivateFrameworks/GraphVisualizer.framework/Versions/A/GraphVisualizer
0x00007ffb21f52000 	/System/Library/PrivateFrameworks/FontServices.framework/Versions/A/FontServices
0x00007ff828117000 	/System/Library/PrivateFrameworks/OTSVG.framework/Versions/A/OTSVG
0x00007ff823617000 	/System/Library/Frameworks/ApplicationServices.framework/Versions/A/Frameworks/ATS.framework/Versions/A/Resources/libFontRegistry.dylib
0x00007ff828167000 	/System/Library/PrivateFrameworks/FontServices.framework/libhvf.dylib
0x00007ffb21f53000 	/System/Library/PrivateFrameworks/FontServices.framework/libXTFontStaticRegistryData.dylib
0x00007ff827b67000 	/System/Library/PrivateFrameworks/AppleVA.framework/Versions/A/AppleVA
0x00007ff829d56000 	/System/Library/Frameworks/ApplicationServices.framework/Versions/A/Frameworks/ATS.framework/Versions/A/ATS
0x00007ff821cc4000 	/System/Library/Frameworks/ApplicationServices.framework/Versions/A/Frameworks/HIServices.framework/Versions/A/HIServices
0x00007ff828c60000 	/System/Library/Frameworks/ApplicationServices.framework/Versions/A/Frameworks/PrintCore.framework/Versions/A/PrintCore
0x00007ff82a0e4000 	/System/Library/Frameworks/ApplicationServices.framework/Versions/A/Frameworks/QD.framework/Versions/A/QD
0x00007ff82a0dc000 	/System/Library/Frameworks/ApplicationServices.framework/Versions/A/Frameworks/ColorSyncLegacy.framework/Versions/A/ColorSyncLegacy
0x00007ff829d46000 	/System/Library/Frameworks/ApplicationServices.framework/Versions/A/Frameworks/SpeechSynthesis.framework/Versions/A/SpeechSynthesis
0x00007ff828c21000 	/System/Library/Frameworks/ApplicationServices.framework/Versions/A/Frameworks/ATSUI.framework/Versions/A/ATSUI
0x00007ff82a071000 	/usr/lib/libcups.2.dylib
0x00007ff82a440000 	/System/Library/Frameworks/Kerberos.framework/Versions/A/Kerberos
0x00007ff82a44f000 	/System/Library/Frameworks/GSS.framework/Versions/A/GSS
0x00007ff829dc2000 	/usr/lib/libresolv.9.dylib
0x00007ff828176000 	/System/Library/PrivateFrameworks/Heimdal.framework/Versions/A/Heimdal
0x00007ff831034000 	/System/Library/Frameworks/Kerberos.framework/Versions/A/Libraries/libHeimdalProxy.dylib
0x00007ff822981000 	/System/Library/Frameworks/Network.framework/Versions/A/Network
0x00007ff827bd1000 	/usr/lib/libheimdal-asn1.dylib
0x00007ff82a49a000 	/System/Library/PrivateFrameworks/CommonAuth.framework/Versions/A/CommonAuth
0x00007ff829cc8000 	/System/Library/PrivateFrameworks/AudioSession.framework/Versions/A/AudioSession
0x00007ff827c61000 	/System/Library/PrivateFrameworks/MediaExperience.framework/Versions/A/MediaExperience
0x00007ff829b5a000 	/System/Library/PrivateFrameworks/AudioSession.framework/libSessionUtility.dylib
0x00007ff82a0f0000 	/System/Library/PrivateFrameworks/AudioResourceArbitration.framework/Versions/A/AudioResourceArbitration
0x00007ff82e171000 	/System/Library/PrivateFrameworks/PowerLog.framework/Versions/A/PowerLog
0x00007ff827bda000 	/System/Library/PrivateFrameworks/IconFoundation.framework/Versions/A/IconFoundation
0x00007ff82cf27000 	/System/Library/PrivateFrameworks/SpeechRecognitionCore.framework/Versions/A/SpeechRecognitionCore
0x000000010e83d000 	/Library/Java/JavaVirtualMachines/jdk1.8.0_202.jdk/Contents/Home/jre/lib/server/libjvm.dylib
0x00007ffb353e0000 	/usr/lib/libstdc++.6.dylib
0x000000010d8c7000 	/Library/Java/JavaVirtualMachines/jdk1.8.0_202.jdk/Contents/Home/jre/lib/libverify.dylib
0x000000010d90b000 	/Library/Java/JavaVirtualMachines/jdk1.8.0_202.jdk/Contents/Home/jre/lib/libjava.dylib
0x000000010d8de000 	/Library/Java/JavaVirtualMachines/jdk1.8.0_202.jdk/Contents/Home/jre/lib/libzip.dylib
0x000000010e815000 	/Library/Java/JavaVirtualMachines/jdk1.8.0_202.jdk/Contents/Home/jre/lib/libprism_es2.dylib
0x00007ff81eac2000 	/System/Library/PrivateFrameworks/CoreServicesInternal.framework/Versions/A/CoreServicesInternal
0x00007ffa351a4000 	/System/Library/Frameworks/OpenGL.framework/Versions/A/Resources/GLEngine.bundle/GLEngine
0x00007ffa3500a000 	/System/Library/Frameworks/OpenGL.framework/Versions/A/Libraries/libGLProgrammability.dylib
0x00007ffa2d976000 	/System/Library/Extensions/AppleIntelBDWGraphicsGLDriver.bundle/Contents/MacOS/AppleIntelBDWGraphicsGLDriver
0x00007ff92c674000 	/System/Library/PrivateFrameworks/GPUSupport.framework/Versions/A/Libraries/libGPUSupportMercury.dylib
0x00007ffa3532e000 	/System/Library/Frameworks/OpenGL.framework/Versions/A/Resources/GLRendererFloat.bundle/GLRendererFloat
0x0000000110de3000 	/Library/Java/JavaVirtualMachines/jdk1.8.0_202.jdk/Contents/Home/jre/lib/libglass.dylib
0x00007ff82e762000 	/System/Library/Frameworks/FileProvider.framework/Versions/A/FileProvider
0x00007ff822764000 	/System/Library/Frameworks/Accounts.framework/Versions/A/Accounts
0x00007ff82e8db000 	/System/Library/PrivateFrameworks/GenerationalStorage.framework/Versions/A/GenerationalStorage
0x00007ff82f3eb000 	/System/Library/PrivateFrameworks/CoreSymbolication.framework/Versions/A/CoreSymbolication
0x00007ff82e166000 	/System/Library/PrivateFrameworks/SymptomDiagnosticReporter.framework/Versions/A/SymptomDiagnosticReporter
0x00007ff81fd83000 	/System/Library/PrivateFrameworks/DesktopServicesPriv.framework/Versions/A/DesktopServicesPriv
0x00007ff81ec01000 	/usr/lib/libsandbox.1.dylib
0x00007ff823ab0000 	/System/Library/PrivateFrameworks/UserManagement.framework/Versions/A/UserManagement
0x00007ff82f3b0000 	/System/Library/PrivateFrameworks/DebugSymbols.framework/Versions/A/DebugSymbols
0x00007ff82a0d1000 	/System/Library/PrivateFrameworks/NetAuth.framework/Versions/A/NetAuth
0x00007ff82afe0000 	/System/Library/PrivateFrameworks/Sharing.framework/Versions/A/Sharing
0x00007ff823a83000 	/System/Library/PrivateFrameworks/login.framework/Versions/A/Frameworks/loginsupport.framework/Versions/A/loginsupport
0x00007ff83054e000 	/System/Library/PrivateFrameworks/Apple80211.framework/Versions/A/Apple80211
0x00007ff826c89000 	/System/Library/PrivateFrameworks/AuthKit.framework/Versions/A/AuthKit
0x00007ff8262de000 	/System/Library/PrivateFrameworks/CoreUtils.framework/Versions/A/CoreUtils
0x00007ff826205000 	/System/Library/Frameworks/CoreWLAN.framework/Versions/A/CoreWLAN
0x00007ff82b13f000 	/System/Library/Frameworks/IOBluetooth.framework/Versions/A/IOBluetooth
0x00007ff8305b6000 	/System/Library/PrivateFrameworks/CoreWiFi.framework/Versions/A/CoreWiFi
0x00007ff82ef85000 	/System/Library/PrivateFrameworks/FrontBoardServices.framework/Versions/A/FrontBoardServices
0x00007ff82f016000 	/System/Library/PrivateFrameworks/BoardServices.framework/Versions/A/BoardServices
0x00007ff8264ed000 	/System/Library/PrivateFrameworks/AssertionServices.framework/Versions/A/AssertionServices
0x00007ff830739000 	/System/Library/PrivateFrameworks/BackBoardServices.framework/Versions/A/BackBoardServices
0x00007ff82a52b000 	/System/Library/PrivateFrameworks/CorePhoneNumbers.framework/Versions/A/CorePhoneNumbers
0x00007ff829def000 	/System/Library/PrivateFrameworks/MultiverseSupport.framework/Versions/A/MultiverseSupport
0x00007ff8309ad000 	/System/Library/PrivateFrameworks/RemoteServiceDiscovery.framework/Versions/A/RemoteServiceDiscovery
0x00007ff82e283000 	/System/Library/PrivateFrameworks/DiskManagement.framework/Versions/A/DiskManagement
0x00007ff82e197000 	/System/Library/PrivateFrameworks/AppleIDAuthSupport.framework/Versions/A/AppleIDAuthSupport
0x00007ffb1c8cd000 	/System/Library/PrivateFrameworks/AAAFoundation.framework/Versions/A/AAAFoundation
0x00007ff82a50c000 	/System/Library/PrivateFrameworks/KeychainCircle.framework/Versions/A/KeychainCircle
0x00007ff8309bd000 	/System/Library/PrivateFrameworks/RemoteXPC.framework/Versions/A/RemoteXPC
0x00007ff82e24f000 	/System/Library/PrivateFrameworks/MediaKit.framework/Versions/A/MediaKit
0x00007ff82e1a3000 	/System/Library/Frameworks/DiscRecording.framework/Versions/A/DiscRecording
0x00007ff827adf000 	/usr/lib/libCoreStorage.dylib
0x00007ff830a28000 	/usr/lib/libcsfde.dylib
0x00007ff82b20c000 	/System/Library/PrivateFrameworks/ProtectedCloudStorage.framework/Versions/A/ProtectedCloudStorage
0x00007ff830a24000 	/System/Library/PrivateFrameworks/EFILogin.framework/Versions/A/EFILogin
0x00007ff82e901000 	/System/Library/PrivateFrameworks/OctagonTrust.framework/Versions/A/OctagonTrust
0x00007ffb211b5000 	/System/Library/PrivateFrameworks/CoreUtilsExtras.framework/Versions/A/CoreUtilsExtras
0x00007ff82e0ca000 	/System/Library/Frameworks/CoreBluetooth.framework/Versions/A/CoreBluetooth
0x00007ff8310b9000 	/System/Library/Frameworks/AudioUnit.framework/Versions/A/AudioUnit
0x00007ff827ad7000 	/usr/lib/libMatch.1.dylib
0x00007ff926afd000 	/System/Library/Frameworks/Accelerate.framework/Versions/A/Frameworks/vImage.framework/Versions/A/Libraries/libCGInterfaces.dylib
0x000000012745a000 	/usr/lib/libobjc-trampolines.dylib
0x00007ff8335c1000 	/System/Library/PrivateFrameworks/FamilyControls.framework/Versions/A/FamilyControls
0x00007ff8335e5000 	/System/Library/PrivateFrameworks/CommerceKit.framework/Versions/A/Frameworks/CommerceCore.framework/Versions/A/CommerceCore
0x00007ff82d643000 	/System/Library/PrivateFrameworks/SystemAdministration.framework/Versions/A/SystemAdministration
0x00007ff82b1f3000 	/System/Library/PrivateFrameworks/AppContainer.framework/Versions/A/AppContainer
0x00007ff82b208000 	/System/Library/PrivateFrameworks/SecCodeWrapper.framework/Versions/A/SecCodeWrapper
0x00007ff8279a2000 	/System/Library/PrivateFrameworks/CrashReporterSupport.framework/Versions/A/CrashReporterSupport
0x00007ff92e515000 	/System/Library/PrivateFrameworks/OSAnalytics.framework/Versions/A/OSAnalytics
0x00007ff9396cd000 	/System/Library/PrivateFrameworks/Symbolication.framework/Versions/A/Symbolication
0x00007ff9224b6000 	/System/Library/PrivateFrameworks/MallocStackLogging.framework/Versions/A/MallocStackLogging
0x00007ff82822e000 	/System/Library/PrivateFrameworks/login.framework/Versions/A/login
0x00007ff828e8a000 	/System/Library/Frameworks/MediaToolbox.framework/Versions/A/MediaToolbox
0x00007ff82cef3000 	/System/Library/Frameworks/DirectoryService.framework/Versions/A/DirectoryService
0x00007ff8308c5000 	/System/Library/PrivateFrameworks/DiskImages.framework/Versions/A/DiskImages
0x00007ff826595000 	/System/Library/Frameworks/ServiceManagement.framework/Versions/A/ServiceManagement
0x00007ff830aa2000 	/System/Library/PrivateFrameworks/LoginUIKit.framework/Versions/A/Frameworks/LoginUICore.framework/Versions/A/LoginUICore
0x00007ff8283d7000 	/usr/lib/libodfde.dylib
0x00007ff82e732000 	/System/Library/PrivateFrameworks/CoreAVCHD.framework/Versions/A/CoreAVCHD
0x00007ff82d607000 	/System/Library/Frameworks/MediaAccessibility.framework/Versions/A/MediaAccessibility
0x00007ff82e72e000 	/System/Library/PrivateFrameworks/Mangrove.framework/Versions/A/Mangrove
0x00007ff82d612000 	/System/Library/PrivateFrameworks/AlgosScoreFramework.framework/Versions/A/AlgosScoreFramework
0x00007ffb1e4a9000 	/System/Library/PrivateFrameworks/CMPhoto.framework/Versions/A/CMPhoto
0x00007ff82f286000 	/System/Library/PrivateFrameworks/AppleVPA.framework/Versions/A/AppleVPA
0x00007ff82e373000 	/System/Library/PrivateFrameworks/CoreAUC.framework/Versions/A/CoreAUC
0x00007ff830a34000 	/usr/lib/libcurl.4.dylib
0x00007ffb34eaf000 	/usr/lib/libcrypto.46.dylib
0x00007ffb353a4000 	/usr/lib/libssl.48.dylib
0x00007ff830757000 	/System/Library/Frameworks/LDAP.framework/Versions/A/LDAP
0x00007ff83078f000 	/System/Library/PrivateFrameworks/TrustEvaluationAgent.framework/Versions/A/TrustEvaluationAgent
0x00007ff829ddb000 	/usr/lib/libsasl2.2.dylib
0x00007ff82d637000 	/System/Library/PrivateFrameworks/CoreDaemon.framework/Versions/B/CoreDaemon
0x00007ff82d632000 	/System/Library/PrivateFrameworks/AppleSRP.framework/Versions/A/AppleSRP
0x00007ff8237a8000 	/System/Library/PrivateFrameworks/ViewBridge.framework/Versions/A/ViewBridge
0x00007ffb34a43000 	/usr/lib/libRosetta.dylib
0x00000001296e6000 	/Library/Java/JavaVirtualMachines/jdk1.8.0_202.jdk/Contents/Home/jre/lib/libjavafx_font.dylib
0x000000012afaf000 	/Library/Java/JavaVirtualMachines/jdk1.8.0_202.jdk/Contents/Home/jre/lib/libprism_common.dylib

VM Arguments:
jvm_args: -Dfile.encoding=UTF-8 
java_command: application.Main
java_class_path (initial): /Users/sonialogsetty/eclipse-workspace/Converter/bin:/Applications/Eclipse.app/Contents/Eclipse/plugins/org.eclipse.fx.ide.css.jfx8_3.8.0.202204150904.jar
Launcher Type: SUN_STANDARD

Environment Variables:
PATH=/usr/bin:/bin:/usr/sbin:/sbin
SHELL=/bin/bash

Signal Handlers:
SIGSEGV: [libjvm.dylib+0x5b719d], sa_mask[0]=11111111011111110111111111111111, sa_flags=SA_ONSTACK|SA_RESTART|SA_SIGINFO
SIGBUS: [libjvm.dylib+0x5b719d], sa_mask[0]=11111111011111110111111111111111, sa_flags=SA_RESTART|SA_SIGINFO
SIGFPE: [libjvm.dylib+0x48c8fc], sa_mask[0]=11111111011111110111111111111111, sa_flags=SA_RESTART|SA_SIGINFO
SIGPIPE: [libjvm.dylib+0x48c8fc], sa_mask[0]=11111111011111110111111111111111, sa_flags=SA_RESTART|SA_SIGINFO
SIGXFSZ: [libjvm.dylib+0x48c8fc], sa_mask[0]=11111111011111110111111111111111, sa_flags=SA_RESTART|SA_SIGINFO
SIGILL: [libjvm.dylib+0x48c8fc], sa_mask[0]=11111111011111110111111111111111, sa_flags=SA_RESTART|SA_SIGINFO
SIGUSR1: SIG_DFL, sa_mask[0]=00000000000000000000000000000000, sa_flags=none
SIGUSR2: [libjvm.dylib+0x48c41a], sa_mask[0]=00100000000000000000000000000000, sa_flags=SA_RESTART|SA_SIGINFO
SIGHUP: [libjvm.dylib+0x48a9a5], sa_mask[0]=11111111011111110111111111111111, sa_flags=SA_RESTART|SA_SIGINFO
SIGINT: [libjvm.dylib+0x48a9a5], sa_mask[0]=11111111011111110111111111111111, sa_flags=SA_RESTART|SA_SIGINFO
SIGTERM: [libjvm.dylib+0x48a9a5], sa_mask[0]=11111111011111110111111111111111, sa_flags=SA_RESTART|SA_SIGINFO
SIGQUIT: [libjvm.dylib+0x48a9a5], sa_mask[0]=11111111011111110111111111111111, sa_flags=SA_RESTART|SA_SIGINFO


---------------  S Y S T E M  ---------------

OS:Bsduname:Darwin 21.6.0 Darwin Kernel Version 21.6.0: Mon Dec 19 20:44:01 PST 2022; root:xnu-8020.240.18~2/RELEASE_X86_64 x86_64
rlimit: STACK 8192k, CORE 0k, NPROC 1392, NOFILE 10240, AS infinity
load average:3.97 3.06 2.79

CPU:total 4 (initial active 4) (2 cores per cpu, 2 threads per core) family 6 model 61 stepping 4, cmov, cx8, fxsr, mmx, sse, sse2, sse3, ssse3, sse4.1, sse4.2, popcnt, avx, avx2, aes, clmul, erms, rtm, 3dnowpref, lzcnt, ht, tsc, tscinvbit, bmi1, bmi2, adx

Memory: 4k page, physical 8388608k(86456k free)

/proc/meminfo:


vm_info: Java HotSpot(TM) 64-Bit Server VM (25.202-b08) for bsd-amd64 JRE (1.8.0_202-b08), built on Dec 15 2018 20:16:16 by "java_re" with gcc 4.2.1 (Based on Apple Inc. build 5658) (LLVM build 2336.11.00)

time: Wed Apr  5 15:55:53 2023
timezone: EDT
elapsed time: 12 seconds (0d 0h 0m 12s)

